<?xml version="1.0" encoding="UTF-8"?>
<!-- Generated by org.testng.reporters.JUnitXMLReporter -->
<testsuite ignored="0" hostname="LAPTOP-17LNK6V4" failures="0" tests="5" name="ChromeTest" time="22.808" errors="0" timestamp="2025-08-24T19:26:12 PST">
  <testcase classname="testCases.TC_001_AccountRegistrationTest" name="testRegisterAccount" time="2.183"/>
  <testcase classname="testCases.TC_002_LoginTest" name="testLogin" time="1.372"/>
  <testcase classname="testCases.TC_004_SearchTest" name="testSearchProduct" time="2.216"/>
  <testcase classname="testCases.TC_005_AddToCartTest" name="testAddToCart" time="3.562"/>
  <testcase classname="testCases.TC_006_ProductCompareTest" name="testCompareProduct" time="3.0"/>
</testsuite> <!-- ChromeTest -->
