<?xml version="1.0" encoding="UTF-8"?>
<!-- Generated by org.testng.reporters.JUnitXMLReporter -->
<testsuite ignored="0" hostname="LAPTOP-17LNK6V4" failures="0" tests="5" name="EdgeTest" time="26.203" errors="0" timestamp="2025-08-22T18:27:11 PST">
  <testcase classname="testCases.TC_001_AccountRegistrationTest" name="testRegisterAccount" time="2.314"/>
  <testcase classname="testCases.TC_002_LoginTest" name="verify_login" time="1.989"/>
  <testcase classname="testCases.TC_004_SearchTest" name="testSearchProduct" time="2.838"/>
  <testcase classname="testCases.TC_005_AddToCartTest" name="testAddToCart" time="4.603"/>
  <testcase classname="testCases.TC_006_ProductCompareTest" name="testCompareProduct" time="3.527"/>
</testsuite> <!-- EdgeTest -->
