<?xml version="1.0" encoding="UTF-8"?>
<!-- Generated by org.testng.reporters.JUnitXMLReporter -->
<testsuite ignored="0" hostname="LAPTOP-17LNK6V4" failures="0" tests="5" name="EdgeTest" time="37.793" errors="0" timestamp="2025-08-22T13:40:34 PST">
  <testcase classname="testCases.TC_001_AccountRegistrationTest" name="testRegisterAccount" time="2.826"/>
  <testcase classname="testCases.TC_002_LoginTest" name="verify_login" time="5.757"/>
  <testcase classname="testCases.TC_004_SearchTest" name="testSearchProduct" time="1.96"/>
  <testcase classname="testCases.TC_005_AddToCartTest" name="testAddToCart" time="13.806"/>
  <testcase classname="testCases.TC_006_ProductCompareTest" name="testCompareProduct" time="2.263"/>
</testsuite> <!-- EdgeTest -->
