<?xml version="1.0" encoding="UTF-8"?>
<!-- Generated by org.testng.reporters.JUnitXMLReporter -->
<testsuite ignored="0" hostname="LAPTOP-17LNK6V4" failures="0" tests="5" name="FirefoxTest" time="33.587" errors="0" timestamp="2025-08-22T13:40:30 PST">
  <testcase classname="testCases.TC_001_AccountRegistrationTest" name="testRegisterAccount" time="10.15"/>
  <testcase classname="testCases.TC_002_LoginTest" name="verify_login" time="1.469"/>
  <testcase classname="testCases.TC_004_SearchTest" name="testSearchProduct" time="1.469"/>
  <testcase classname="testCases.TC_005_AddToCartTest" name="testAddToCart" time="2.18"/>
  <testcase classname="testCases.TC_006_ProductCompareTest" name="testCompareProduct" time="2.068"/>
</testsuite> <!-- FirefoxTest -->
