<?xml version="1.0" encoding="UTF-8"?>
<!-- Generated by org.testng.reporters.JUnitXMLReporter -->
<testsuite ignored="0" hostname="LAPTOP-17LNK6V4" failures="0" tests="5" name="LinuxChromeTest" time="14.294" errors="0" timestamp="2025-08-22T00:44:25 PST">
  <testcase classname="testCases.TC_001_AccountRegistrationTest" name="testRegisterAccount" time="1.404"/>
  <testcase classname="testCases.TC_002_LoginTest" name="verify_login" time="1.047"/>
  <testcase classname="testCases.TC_004_SearchTest" name="testSearchProduct" time="1.301"/>
  <testcase classname="testCases.TC_005_AddToCartTest" name="testAddToCart" time="1.878"/>
  <testcase classname="testCases.TC_006_ProductCompareTest" name="testCompareProduct" time="1.9"/>
</testsuite> <!-- LinuxChromeTest -->
