<?xml version="1.0" encoding="UTF-8"?>
<!-- Generated by org.testng.reporters.JUnitXMLReporter -->
<testsuite ignored="0" hostname="LAPTOP-17LNK6V4" failures="0" tests="2" name="LinuxChromeTest" time="11.693" errors="0" timestamp="2025-08-27T21:19:55 PST">
  <testcase classname="testCases.TC_001_AccountRegistrationTest" name="validate_Registering_an_Account_by_providing_all_the_fields" time="2.107"/>
  <testcase classname="testCases.TC_001_AccountRegistrationTest" name="validate_Registering_an_Account_by_providing_only_the_Mandatory_fields" time="2.79"/>
</testsuite> <!-- LinuxChromeTest -->
