<?xml version="1.0" encoding="UTF-8"?>
<!-- Generated by org.testng.reporters.JUnitXMLReporter -->
<testsuite ignored="1" hostname="SSCLDMSKDGIGANTE" failures="0" tests="3" name="Test" time="13.248" errors="0" timestamp="2025-08-14T09:42:43 PST">
  <testcase classname="testCases.TC_001_AccountRegistrationTest" name="testRegisterAccount" time="1.669"/>
  <testcase classname="testCases.TC_002_LoginTest" name="verify_login" time="1.092"/>
  <testcase classname="testCases.TC_004_SearchTest" name="testSearchProduct" time="2.036"/>
  <testcase classname="testCases.TC_003_LoginDTT" name="verifyLoginDTT" time="0.0">
    <ignored/>
  </testcase> <!-- verifyLoginDTT -->
</testsuite> <!-- Test -->
