<?xml version="1.0" encoding="UTF-8"?>
<!-- Generated by org.testng.reporters.JUnitXMLReporter -->
<testsuite ignored="1" hostname="LAPTOP-17LNK6V4" failures="0" tests="3" name="Test" time="7.628" errors="0" timestamp="2025-08-14T00:27:59 PST">
  <testcase classname="testCases.TC_001_AccountRegistrationTest" name="testRegisterAccount" time="1.52"/>
  <testcase classname="testCases.TC_002_LoginTest" name="verify_login" time="1.027"/>
  <testcase classname="testCases.TC_004_SearchTest" name="testSearchProduct" time="1.727"/>
  <testcase classname="testCases.TC_003_LoginDTT" name="verifyLoginDTT" time="0.0">
    <ignored/>
  </testcase> <!-- verifyLoginDTT -->
</testsuite> <!-- Test -->
