<?xml version="1.0" encoding="UTF-8"?>
<testng-results ignored="6" total="21" passed="15" failed="0" skipped="0">
  <reporter-output>
  </reporter-output>
  <suite started-at="2025-09-05T19:30:55 PST" name="CrossBrowserDDTSuite" finished-at="2025-09-05T19:31:29 PST" duration-ms="33999">
    <groups>
      <group name="datadriven">
        <method signature="TC_003_LoginDTT.verifyLoginDTT(java.lang.String,java.lang.String,java.lang.String)[pri:0, instance:testCases.TC_003_LoginDTT@5d066c7d]" name="verifyLoginDTT" class="testCases.TC_003_LoginDTT"/>
      </group> <!-- datadriven -->
    </groups>
    <test started-at="2025-09-05T19:30:55 PST" name="DataDrivenTest" finished-at="2025-09-05T19:31:29 PST" duration-ms="33999">
      <class name="testCases.TC_003_LoginDTT">
        <test-method is-config="true" signature="setup(java.lang.String,java.lang.String)[pri:0, instance:testCases.TC_003_LoginDTT@5d066c7d]" started-at="2025-09-05T19:30:55 PST" name="setup" finished-at="2025-09-05T19:30:56 PST" duration-ms="1536" status="PASS">
          <params>
            <param index="0">
              <value>
                <![CDATA[chrome]]>
              </value>
            </param>
            <param index="1">
              <value>
                <![CDATA[linux]]>
              </value>
            </param>
          </params>
          <reporter-output>
          </reporter-output>
        </test-method> <!-- setup -->
        <test-method signature="verifyLoginDTT(java.lang.String,java.lang.String,java.lang.String)[pri:0, instance:testCases.TC_003_LoginDTT@5d066c7d]" started-at="2025-09-05T19:30:58 PST" name="verifyLoginDTT" data-provider="LoginData" finished-at="2025-09-05T19:31:01 PST" duration-ms="2454" status="PASS">
          <params>
            <param index="0">
              <value>
                <![CDATA[kent_test@gmail.com]]>
              </value>
            </param>
            <param index="1">
              <value>
                <![CDATA[testp@$$w0rd123]]>
              </value>
            </param>
            <param index="2">
              <value>
                <![CDATA[Valid]]>
              </value>
            </param>
          </params>
          <reporter-output>
          </reporter-output>
        </test-method> <!-- verifyLoginDTT -->
        <test-method signature="verifyLoginDTT(java.lang.String,java.lang.String,java.lang.String)[pri:0, instance:testCases.TC_003_LoginDTT@5d066c7d]" started-at="2025-09-05T19:31:01 PST" name="verifyLoginDTT" data-provider="LoginData" finished-at="2025-09-05T19:31:03 PST" duration-ms="2198" status="PASS">
          <params>
            <param index="0">
              <value>
                <![CDATA[test0112@gmail.com]]>
              </value>
            </param>
            <param index="1">
              <value>
                <![CDATA[password123]]>
              </value>
            </param>
            <param index="2">
              <value>
                <![CDATA[Valid]]>
              </value>
            </param>
          </params>
          <reporter-output>
          </reporter-output>
        </test-method> <!-- verifyLoginDTT -->
        <test-method signature="verifyLoginDTT(java.lang.String,java.lang.String,java.lang.String)[pri:0, instance:testCases.TC_003_LoginDTT@5d066c7d]" started-at="2025-09-05T19:31:03 PST" name="verifyLoginDTT" data-provider="LoginData" finished-at="2025-09-05T19:31:05 PST" duration-ms="2280" status="PASS">
          <params>
            <param index="0">
              <value>
                <![CDATA[test0113@gmail.com]]>
              </value>
            </param>
            <param index="1">
              <value>
                <![CDATA[password123]]>
              </value>
            </param>
            <param index="2">
              <value>
                <![CDATA[Valid]]>
              </value>
            </param>
          </params>
          <reporter-output>
          </reporter-output>
        </test-method> <!-- verifyLoginDTT -->
        <test-method signature="verifyLoginDTT(java.lang.String,java.lang.String,java.lang.String)[pri:0, instance:testCases.TC_003_LoginDTT@5d066c7d]" started-at="2025-09-05T19:31:05 PST" name="verifyLoginDTT" data-provider="LoginData" finished-at="2025-09-05T19:31:08 PST" duration-ms="2675" status="PASS">
          <params>
            <param index="0">
              <value>
                <![CDATA[kent.test@gmail.com]]>
              </value>
            </param>
            <param index="1">
              <value>
                <![CDATA[Testp@$$w0rd123]]>
              </value>
            </param>
            <param index="2">
              <value>
                <![CDATA[Valid]]>
              </value>
            </param>
          </params>
          <reporter-output>
          </reporter-output>
        </test-method> <!-- verifyLoginDTT -->
        <test-method signature="verifyLoginDTT(java.lang.String,java.lang.String,java.lang.String)[pri:0, instance:testCases.TC_003_LoginDTT@5d066c7d]" started-at="2025-09-05T19:31:08 PST" name="verifyLoginDTT" data-provider="LoginData" finished-at="2025-09-05T19:31:10 PST" duration-ms="2056" status="PASS">
          <params>
            <param index="0">
              <value>
                <![CDATA[eHUGFCV@gmail.com]]>
              </value>
            </param>
            <param index="1">
              <value>
                <![CDATA[nJ9vdesTXnsjyC1]]>
              </value>
            </param>
            <param index="2">
              <value>
                <![CDATA[Valid]]>
              </value>
            </param>
          </params>
          <reporter-output>
          </reporter-output>
        </test-method> <!-- verifyLoginDTT -->
        <test-method signature="verifyLoginDTT(java.lang.String,java.lang.String,java.lang.String)[pri:0, instance:testCases.TC_003_LoginDTT@5d066c7d]" started-at="2025-09-05T19:31:10 PST" name="verifyLoginDTT" data-provider="LoginData" finished-at="2025-09-05T19:31:12 PST" duration-ms="2315" status="PASS">
          <params>
            <param index="0">
              <value>
                <![CDATA[MMwAGje@gmail.com]]>
              </value>
            </param>
            <param index="1">
              <value>
                <![CDATA[aUGQSj8IBj1FBrP]]>
              </value>
            </param>
            <param index="2">
              <value>
                <![CDATA[Valid]]>
              </value>
            </param>
          </params>
          <reporter-output>
          </reporter-output>
        </test-method> <!-- verifyLoginDTT -->
        <test-method signature="verifyLoginDTT(java.lang.String,java.lang.String,java.lang.String)[pri:0, instance:testCases.TC_003_LoginDTT@5d066c7d]" started-at="2025-09-05T19:31:12 PST" name="verifyLoginDTT" data-provider="LoginData" finished-at="2025-09-05T19:31:14 PST" duration-ms="2236" status="PASS">
          <params>
            <param index="0">
              <value>
                <![CDATA[BcdrkRV@gmail.com]]>
              </value>
            </param>
            <param index="1">
              <value>
                <![CDATA[fBA9CWCqxFpflzM]]>
              </value>
            </param>
            <param index="2">
              <value>
                <![CDATA[Valid]]>
              </value>
            </param>
          </params>
          <reporter-output>
          </reporter-output>
        </test-method> <!-- verifyLoginDTT -->
        <test-method signature="verifyLoginDTT(java.lang.String,java.lang.String,java.lang.String)[pri:0, instance:testCases.TC_003_LoginDTT@5d066c7d]" started-at="2025-09-05T19:31:14 PST" name="verifyLoginDTT" data-provider="LoginData" finished-at="2025-09-05T19:31:16 PST" duration-ms="2177" status="PASS">
          <params>
            <param index="0">
              <value>
                <![CDATA[gkPsdRR@gmail.com]]>
              </value>
            </param>
            <param index="1">
              <value>
                <![CDATA[LvGv6OQNhzLkaOy]]>
              </value>
            </param>
            <param index="2">
              <value>
                <![CDATA[Valid]]>
              </value>
            </param>
          </params>
          <reporter-output>
          </reporter-output>
        </test-method> <!-- verifyLoginDTT -->
        <test-method signature="verifyLoginDTT(java.lang.String,java.lang.String,java.lang.String)[pri:0, instance:testCases.TC_003_LoginDTT@5d066c7d]" started-at="2025-09-05T19:31:16 PST" name="verifyLoginDTT" data-provider="LoginData" finished-at="2025-09-05T19:31:19 PST" duration-ms="2191" status="PASS">
          <params>
            <param index="0">
              <value>
                <![CDATA[VYQKbei@gmail.com]]>
              </value>
            </param>
            <param index="1">
              <value>
                <![CDATA[1i7B5x04AO8cex1]]>
              </value>
            </param>
            <param index="2">
              <value>
                <![CDATA[Valid]]>
              </value>
            </param>
          </params>
          <reporter-output>
          </reporter-output>
        </test-method> <!-- verifyLoginDTT -->
        <test-method signature="verifyLoginDTT(java.lang.String,java.lang.String,java.lang.String)[pri:0, instance:testCases.TC_003_LoginDTT@5d066c7d]" started-at="2025-09-05T19:31:19 PST" name="verifyLoginDTT" data-provider="LoginData" finished-at="2025-09-05T19:31:21 PST" duration-ms="2324" status="PASS">
          <params>
            <param index="0">
              <value>
                <![CDATA[rpqUcfO@gmail.com]]>
              </value>
            </param>
            <param index="1">
              <value>
                <![CDATA[4MuIrUIdnf7OYgO]]>
              </value>
            </param>
            <param index="2">
              <value>
                <![CDATA[Valid]]>
              </value>
            </param>
          </params>
          <reporter-output>
          </reporter-output>
        </test-method> <!-- verifyLoginDTT -->
        <test-method signature="verifyLoginDTT(java.lang.String,java.lang.String,java.lang.String)[pri:0, instance:testCases.TC_003_LoginDTT@5d066c7d]" started-at="2025-09-05T19:31:21 PST" name="verifyLoginDTT" data-provider="LoginData" finished-at="2025-09-05T19:31:22 PST" duration-ms="1470" status="PASS">
          <params>
            <param index="0">
              <value>
                <![CDATA[kent.test33@gmail.com]]>
              </value>
            </param>
            <param index="1">
              <value>
                <![CDATA[Testp@$$w0rd123]]>
              </value>
            </param>
            <param index="2">
              <value>
                <![CDATA[Invalid]]>
              </value>
            </param>
          </params>
          <reporter-output>
          </reporter-output>
        </test-method> <!-- verifyLoginDTT -->
        <test-method signature="verifyLoginDTT(java.lang.String,java.lang.String,java.lang.String)[pri:0, instance:testCases.TC_003_LoginDTT@5d066c7d]" started-at="2025-09-05T19:31:22 PST" name="verifyLoginDTT" data-provider="LoginData" finished-at="2025-09-05T19:31:24 PST" duration-ms="1580" status="PASS">
          <params>
            <param index="0">
              <value>
                <![CDATA[kent.test34@gmail.com]]>
              </value>
            </param>
            <param index="1">
              <value>
                <![CDATA[Testp@$$w0rd123]]>
              </value>
            </param>
            <param index="2">
              <value>
                <![CDATA[Invalid]]>
              </value>
            </param>
          </params>
          <reporter-output>
          </reporter-output>
        </test-method> <!-- verifyLoginDTT -->
        <test-method signature="verifyLoginDTT(java.lang.String,java.lang.String,java.lang.String)[pri:0, instance:testCases.TC_003_LoginDTT@5d066c7d]" started-at="2025-09-05T19:31:24 PST" name="verifyLoginDTT" data-provider="LoginData" finished-at="2025-09-05T19:31:26 PST" duration-ms="1497" status="PASS">
          <params>
            <param index="0">
              <value>
                <![CDATA[kent.test35@gmail.com]]>
              </value>
            </param>
            <param index="1">
              <value>
                <![CDATA[Testp@$$w0rd123]]>
              </value>
            </param>
            <param index="2">
              <value>
                <![CDATA[Invalid]]>
              </value>
            </param>
          </params>
          <reporter-output>
          </reporter-output>
        </test-method> <!-- verifyLoginDTT -->
        <test-method signature="verifyLoginDTT(java.lang.String,java.lang.String,java.lang.String)[pri:0, instance:testCases.TC_003_LoginDTT@5d066c7d]" started-at="2025-09-05T19:31:26 PST" name="verifyLoginDTT" data-provider="LoginData" finished-at="2025-09-05T19:31:27 PST" duration-ms="1652" status="PASS">
          <params>
            <param index="0">
              <value>
                <![CDATA[kent.test36@gmail.com]]>
              </value>
            </param>
            <param index="1">
              <value>
                <![CDATA[Testp@$$w0rd123]]>
              </value>
            </param>
            <param index="2">
              <value>
                <![CDATA[Invalid]]>
              </value>
            </param>
          </params>
          <reporter-output>
          </reporter-output>
        </test-method> <!-- verifyLoginDTT -->
        <test-method signature="verifyLoginDTT(java.lang.String,java.lang.String,java.lang.String)[pri:0, instance:testCases.TC_003_LoginDTT@5d066c7d]" started-at="2025-09-05T19:31:27 PST" name="verifyLoginDTT" data-provider="LoginData" finished-at="2025-09-05T19:31:29 PST" duration-ms="1336" status="PASS">
          <params>
            <param index="0">
              <value>
                <![CDATA[kent.test37@gmail.com]]>
              </value>
            </param>
            <param index="1">
              <value>
                <![CDATA[Testp@$$w0rd123]]>
              </value>
            </param>
            <param index="2">
              <value>
                <![CDATA[Invalid]]>
              </value>
            </param>
          </params>
          <reporter-output>
          </reporter-output>
        </test-method> <!-- verifyLoginDTT -->
        <test-method is-config="true" signature="teardown()[pri:0, instance:testCases.TC_003_LoginDTT@5d066c7d]" started-at="2025-09-05T19:31:29 PST" name="teardown" finished-at="2025-09-05T19:31:29 PST" duration-ms="92" status="PASS">
          <reporter-output>
          </reporter-output>
        </test-method> <!-- teardown -->
      </class> <!-- testCases.TC_003_LoginDTT -->
    </test> <!-- DataDrivenTest -->
  </suite> <!-- CrossBrowserDDTSuite -->
</testng-results>
