<?xml version="1.0" encoding="UTF-8"?>
<testng-results ignored="0" total="5" passed="5" failed="0" skipped="0">
  <reporter-output>
  </reporter-output>
  <suite started-at="2025-08-27T19:48:52 PST" name="Suite" finished-at="2025-08-27T19:49:27 PST" duration-ms="34508">
    <groups>
      <group name="regression">
        <method signature="TC_002_LoginTest.testLogin()[pri:0, instance:testCases.TC_002_LoginTest@5ddf0d24]" name="testLogin" class="testCases.TC_002_LoginTest"/>
        <method signature="TC_005_AddToCartTest.testAddToCart()[pri:0, instance:testCases.TC_005_AddToCartTest@60856961]" name="testAddToCart" class="testCases.TC_005_AddToCartTest"/>
        <method signature="TC_006_ProductCompareTest.testCompareProduct()[pri:0, instance:testCases.TC_006_ProductCompareTest@2fd953a6]" name="testCompareProduct" class="testCases.TC_006_ProductCompareTest"/>
      </group> <!-- regression -->
      <group name="sanity">
        <method signature="TC_001_AccountRegistrationTest.testRegisterAccount()[pri:0, instance:testCases.TC_001_AccountRegistrationTest@1c93f6e1]" name="testRegisterAccount" class="testCases.TC_001_AccountRegistrationTest"/>
        <method signature="TC_004_SearchTest.testSearchProduct()[pri:0, instance:testCases.TC_004_SearchTest@363a52f]" name="testSearchProduct" class="testCases.TC_004_SearchTest"/>
      </group> <!-- sanity -->
      <group name="master">
        <method signature="TC_001_AccountRegistrationTest.testRegisterAccount()[pri:0, instance:testCases.TC_001_AccountRegistrationTest@1c93f6e1]" name="testRegisterAccount" class="testCases.TC_001_AccountRegistrationTest"/>
        <method signature="TC_002_LoginTest.testLogin()[pri:0, instance:testCases.TC_002_LoginTest@5ddf0d24]" name="testLogin" class="testCases.TC_002_LoginTest"/>
        <method signature="TC_004_SearchTest.testSearchProduct()[pri:0, instance:testCases.TC_004_SearchTest@363a52f]" name="testSearchProduct" class="testCases.TC_004_SearchTest"/>
        <method signature="TC_005_AddToCartTest.testAddToCart()[pri:0, instance:testCases.TC_005_AddToCartTest@60856961]" name="testAddToCart" class="testCases.TC_005_AddToCartTest"/>
        <method signature="TC_006_ProductCompareTest.testCompareProduct()[pri:0, instance:testCases.TC_006_ProductCompareTest@2fd953a6]" name="testCompareProduct" class="testCases.TC_006_ProductCompareTest"/>
      </group> <!-- master -->
    </groups>
    <test started-at="2025-08-27T19:48:52 PST" name="LinuxChromeTest" finished-at="2025-08-27T19:49:27 PST" duration-ms="34508">
      <class name="testCases.TC_001_AccountRegistrationTest">
        <test-method is-config="true" signature="setup(java.lang.String,java.lang.String)[pri:0, instance:testCases.TC_001_AccountRegistrationTest@1c93f6e1]" started-at="2025-08-27T19:48:52 PST" name="setup" finished-at="2025-08-27T19:48:57 PST" duration-ms="4995" status="PASS">
          <params>
            <param index="0">
              <value>
                <![CDATA[chrome]]>
              </value>
            </param>
            <param index="1">
              <value>
                <![CDATA[linux]]>
              </value>
            </param>
          </params>
          <reporter-output>
          </reporter-output>
        </test-method> <!-- setup -->
        <test-method signature="testRegisterAccount()[pri:0, instance:testCases.TC_001_AccountRegistrationTest@1c93f6e1]" started-at="2025-08-27T19:48:57 PST" name="testRegisterAccount" finished-at="2025-08-27T19:49:01 PST" duration-ms="4100" status="PASS">
          <reporter-output>
          </reporter-output>
        </test-method> <!-- testRegisterAccount -->
        <test-method is-config="true" signature="teardown()[pri:0, instance:testCases.TC_001_AccountRegistrationTest@1c93f6e1]" started-at="2025-08-27T19:49:01 PST" name="teardown" finished-at="2025-08-27T19:49:01 PST" duration-ms="87" status="PASS">
          <reporter-output>
          </reporter-output>
        </test-method> <!-- teardown -->
      </class> <!-- testCases.TC_001_AccountRegistrationTest -->
      <class name="testCases.TC_006_ProductCompareTest">
        <test-method is-config="true" signature="setup(java.lang.String,java.lang.String)[pri:0, instance:testCases.TC_006_ProductCompareTest@2fd953a6]" started-at="2025-08-27T19:49:20 PST" name="setup" finished-at="2025-08-27T19:49:22 PST" duration-ms="2842" status="PASS">
          <params>
            <param index="0">
              <value>
                <![CDATA[chrome]]>
              </value>
            </param>
            <param index="1">
              <value>
                <![CDATA[linux]]>
              </value>
            </param>
          </params>
          <reporter-output>
          </reporter-output>
        </test-method> <!-- setup -->
        <test-method signature="testCompareProduct()[pri:0, instance:testCases.TC_006_ProductCompareTest@2fd953a6]" started-at="2025-08-27T19:49:22 PST" name="testCompareProduct" finished-at="2025-08-27T19:49:26 PST" duration-ms="4049" status="PASS">
          <reporter-output>
          </reporter-output>
        </test-method> <!-- testCompareProduct -->
        <test-method is-config="true" signature="teardown()[pri:0, instance:testCases.TC_006_ProductCompareTest@2fd953a6]" started-at="2025-08-27T19:49:26 PST" name="teardown" finished-at="2025-08-27T19:49:27 PST" duration-ms="79" status="PASS">
          <reporter-output>
          </reporter-output>
        </test-method> <!-- teardown -->
      </class> <!-- testCases.TC_006_ProductCompareTest -->
      <class name="testCases.TC_002_LoginTest">
        <test-method is-config="true" signature="setup(java.lang.String,java.lang.String)[pri:0, instance:testCases.TC_002_LoginTest@5ddf0d24]" started-at="2025-08-27T19:49:01 PST" name="setup" finished-at="2025-08-27T19:49:04 PST" duration-ms="2591" status="PASS">
          <params>
            <param index="0">
              <value>
                <![CDATA[chrome]]>
              </value>
            </param>
            <param index="1">
              <value>
                <![CDATA[linux]]>
              </value>
            </param>
          </params>
          <reporter-output>
          </reporter-output>
        </test-method> <!-- setup -->
        <test-method signature="testLogin()[pri:0, instance:testCases.TC_002_LoginTest@5ddf0d24]" started-at="2025-08-27T19:49:04 PST" name="testLogin" finished-at="2025-08-27T19:49:06 PST" duration-ms="2397" status="PASS">
          <reporter-output>
          </reporter-output>
        </test-method> <!-- testLogin -->
        <test-method is-config="true" signature="teardown()[pri:0, instance:testCases.TC_002_LoginTest@5ddf0d24]" started-at="2025-08-27T19:49:06 PST" name="teardown" finished-at="2025-08-27T19:49:07 PST" duration-ms="85" status="PASS">
          <reporter-output>
          </reporter-output>
        </test-method> <!-- teardown -->
      </class> <!-- testCases.TC_002_LoginTest -->
      <class name="testCases.TC_005_AddToCartTest">
        <test-method is-config="true" signature="setup(java.lang.String,java.lang.String)[pri:0, instance:testCases.TC_005_AddToCartTest@60856961]" started-at="2025-08-27T19:49:13 PST" name="setup" finished-at="2025-08-27T19:49:15 PST" duration-ms="2503" status="PASS">
          <params>
            <param index="0">
              <value>
                <![CDATA[chrome]]>
              </value>
            </param>
            <param index="1">
              <value>
                <![CDATA[linux]]>
              </value>
            </param>
          </params>
          <reporter-output>
          </reporter-output>
        </test-method> <!-- setup -->
        <test-method signature="testAddToCart()[pri:0, instance:testCases.TC_005_AddToCartTest@60856961]" started-at="2025-08-27T19:49:15 PST" name="testAddToCart" finished-at="2025-08-27T19:49:19 PST" duration-ms="4451" status="PASS">
          <reporter-output>
          </reporter-output>
        </test-method> <!-- testAddToCart -->
        <test-method is-config="true" signature="teardown()[pri:0, instance:testCases.TC_005_AddToCartTest@60856961]" started-at="2025-08-27T19:49:19 PST" name="teardown" finished-at="2025-08-27T19:49:20 PST" duration-ms="91" status="PASS">
          <reporter-output>
          </reporter-output>
        </test-method> <!-- teardown -->
      </class> <!-- testCases.TC_005_AddToCartTest -->
      <class name="testCases.TC_004_SearchTest">
        <test-method is-config="true" signature="setup(java.lang.String,java.lang.String)[pri:0, instance:testCases.TC_004_SearchTest@363a52f]" started-at="2025-08-27T19:49:07 PST" name="setup" finished-at="2025-08-27T19:49:09 PST" duration-ms="2704" status="PASS">
          <params>
            <param index="0">
              <value>
                <![CDATA[chrome]]>
              </value>
            </param>
            <param index="1">
              <value>
                <![CDATA[linux]]>
              </value>
            </param>
          </params>
          <reporter-output>
          </reporter-output>
        </test-method> <!-- setup -->
        <test-method signature="testSearchProduct()[pri:0, instance:testCases.TC_004_SearchTest@363a52f]" started-at="2025-08-27T19:49:09 PST" name="testSearchProduct" finished-at="2025-08-27T19:49:12 PST" duration-ms="3186" status="PASS">
          <reporter-output>
          </reporter-output>
        </test-method> <!-- testSearchProduct -->
        <test-method is-config="true" signature="teardown()[pri:0, instance:testCases.TC_004_SearchTest@363a52f]" started-at="2025-08-27T19:49:12 PST" name="teardown" finished-at="2025-08-27T19:49:13 PST" duration-ms="101" status="PASS">
          <reporter-output>
          </reporter-output>
        </test-method> <!-- teardown -->
      </class> <!-- testCases.TC_004_SearchTest -->
    </test> <!-- LinuxChromeTest -->
  </suite> <!-- Suite -->
</testng-results>
