<?xml version="1.0" encoding="UTF-8"?>
<testsuite xmlns:xsi="http://www.w3.org/2001/XMLSchema-instance" xsi:noNamespaceSchemaLocation="https://maven.apache.org/surefire/maven-surefire-plugin/xsd/surefire-test-report-3.0.xsd" version="3.0" name="TestSuite" time="34.431" tests="5" errors="0" skipped="0" failures="0">
  <properties>
[...]
</properties>
  <testcase name="testRegisterAccount" classname="testCases.TC_001_AccountRegistrationTest" time="2.604"/>
  <testcase name="verify_login" classname="testCases.TC_002_LoginTest" time="1.401"/>
  <testcase name="testSearchProduct" classname="testCases.TC_004_SearchTest" time="2.131">
    <system-out><![CDATA[Total product size: 1
Total product matched: 1
]]></system-out>
  </testcase>
  <testcase name="testAddToCart" classname="testCases.TC_005_AddToCartTest" time="3.023"/>
  <testcase name="testCompareProduct" classname="testCases.TC_006_ProductCompareTest" time="14.935">
    <system-out><![CDATA[Retrying click: Expected condition failed: waiting for url to contain "compare". Current url: "https://tutorialsninja.com/demo/index.php?route=product/search&search=iMac" (tried for 10 second(s) with 500 milliseconds interval)
Build info: version: '4.35.0', revision: '1c58e5028b'
System info: os.name: 'Windows 11', os.arch: 'amd64', os.version: '10.0', java.version: '21.0.6'
Driver info: org.openqa.selenium.chrome.ChromeDriver
Capabilities {acceptInsecureCerts: false, browserName: chrome, browserVersion: 139.0.7258.139, chrome: {chromedriverVersion: 139.0.7258.138 (884e54ea8d4..., userDataDir: C:\Users\Kent\AppData\Local...}, fedcm:accounts: true, goog:chromeOptions: {debuggerAddress: localhost:61119}, networkConnectionEnabled: false, pageLoadStrategy: normal, platformName: windows, proxy: Proxy(), se:cdp: ws://localhost:61119/devtoo..., se:cdpVersion: 139.0.7258.139, setWindowRect: true, strictFileInteractability: false, timeouts: {implicit: 0, pageLoad: 300000, script: 30000}, unhandledPromptBehavior: dismiss and notify, webauthn:extension:credBlob: true, webauthn:extension:largeBlob: true, webauthn:extension:minPinLength: true, webauthn:extension:prf: true, webauthn:virtualAuthenticators: true}
Session ID: b2633cb41a2a5c809961410768750495
Product found on list: iMac
]]></system-out>
  </testcase>
</testsuite>