<?xml version="1.0" encoding="UTF-8"?>
<testng-results ignored="0" total="4" passed="4" failed="0" skipped="0">
  <reporter-output>
  </reporter-output>
  <suite started-at="2025-08-11T22:58:54 PST" name="Suite" finished-at="2025-08-11T22:59:14 PST" duration-ms="19283">
    <groups>
      <group name="regression">
        <method signature="TC_002_LoginTest.verify_login()[pri:0, instance:testCases.TC_002_LoginTest@7776ab]" name="verify_login" class="testCases.TC_002_LoginTest"/>
        <method signature="TC_002_LoginTest.verify_login()[pri:0, instance:testCases.TC_002_LoginTest@77258e59]" name="verify_login" class="testCases.TC_002_LoginTest"/>
      </group> <!-- regression -->
      <group name="sanity">
        <method signature="TC_001_AccountRegistrationTest.testRegisterAccount()[pri:0, instance:testCases.TC_001_AccountRegistrationTest@6f3c660a]" name="testRegisterAccount" class="testCases.TC_001_AccountRegistrationTest"/>
        <method signature="TC_001_AccountRegistrationTest.testRegisterAccount()[pri:0, instance:testCases.TC_001_AccountRegistrationTest@70f59913]" name="testRegisterAccount" class="testCases.TC_001_AccountRegistrationTest"/>
      </group> <!-- sanity -->
      <group name="master">
        <method signature="TC_001_AccountRegistrationTest.testRegisterAccount()[pri:0, instance:testCases.TC_001_AccountRegistrationTest@6f3c660a]" name="testRegisterAccount" class="testCases.TC_001_AccountRegistrationTest"/>
        <method signature="TC_002_LoginTest.verify_login()[pri:0, instance:testCases.TC_002_LoginTest@7776ab]" name="verify_login" class="testCases.TC_002_LoginTest"/>
        <method signature="TC_001_AccountRegistrationTest.testRegisterAccount()[pri:0, instance:testCases.TC_001_AccountRegistrationTest@70f59913]" name="testRegisterAccount" class="testCases.TC_001_AccountRegistrationTest"/>
        <method signature="TC_002_LoginTest.verify_login()[pri:0, instance:testCases.TC_002_LoginTest@77258e59]" name="verify_login" class="testCases.TC_002_LoginTest"/>
      </group> <!-- master -->
    </groups>
    <test started-at="2025-08-11T22:58:54 PST" name="LinuxChromeTest" finished-at="2025-08-11T22:59:02 PST" duration-ms="7607">
      <class name="testCases.TC_001_AccountRegistrationTest">
        <test-method is-config="true" signature="setup(java.lang.String,java.lang.String)[pri:0, instance:testCases.TC_001_AccountRegistrationTest@6f3c660a]" started-at="2025-08-11T22:58:55 PST" name="setup" finished-at="2025-08-11T22:58:57 PST" duration-ms="2494" status="PASS">
          <params>
            <param index="0">
              <value>
                <![CDATA[chrome]]>
              </value>
            </param>
            <param index="1">
              <value>
                <![CDATA[linux]]>
              </value>
            </param>
          </params>
          <reporter-output>
          </reporter-output>
        </test-method> <!-- setup -->
        <test-method signature="testRegisterAccount()[pri:0, instance:testCases.TC_001_AccountRegistrationTest@6f3c660a]" started-at="2025-08-11T22:58:57 PST" name="testRegisterAccount" finished-at="2025-08-11T22:58:59 PST" duration-ms="2194" status="PASS">
          <reporter-output>
          </reporter-output>
        </test-method> <!-- testRegisterAccount -->
        <test-method is-config="true" signature="teardown()[pri:0, instance:testCases.TC_001_AccountRegistrationTest@6f3c660a]" started-at="2025-08-11T22:58:59 PST" name="teardown" finished-at="2025-08-11T22:58:59 PST" duration-ms="104" status="PASS">
          <reporter-output>
          </reporter-output>
        </test-method> <!-- teardown -->
      </class> <!-- testCases.TC_001_AccountRegistrationTest -->
      <class name="testCases.TC_002_LoginTest">
        <test-method is-config="true" signature="setup(java.lang.String,java.lang.String)[pri:0, instance:testCases.TC_002_LoginTest@7776ab]" started-at="2025-08-11T22:58:59 PST" name="setup" finished-at="2025-08-11T22:59:00 PST" duration-ms="1060" status="PASS">
          <params>
            <param index="0">
              <value>
                <![CDATA[chrome]]>
              </value>
            </param>
            <param index="1">
              <value>
                <![CDATA[linux]]>
              </value>
            </param>
          </params>
          <reporter-output>
          </reporter-output>
        </test-method> <!-- setup -->
        <test-method signature="verify_login()[pri:0, instance:testCases.TC_002_LoginTest@7776ab]" started-at="2025-08-11T22:59:00 PST" name="verify_login" finished-at="2025-08-11T22:59:02 PST" duration-ms="1407" status="PASS">
          <reporter-output>
          </reporter-output>
        </test-method> <!-- verify_login -->
        <test-method is-config="true" signature="teardown()[pri:0, instance:testCases.TC_002_LoginTest@7776ab]" started-at="2025-08-11T22:59:02 PST" name="teardown" finished-at="2025-08-11T22:59:02 PST" duration-ms="90" status="PASS">
          <reporter-output>
          </reporter-output>
        </test-method> <!-- teardown -->
      </class> <!-- testCases.TC_002_LoginTest -->
    </test> <!-- LinuxChromeTest -->
    <test started-at="2025-08-11T22:59:03 PST" name="LinuxFirefoxTest" finished-at="2025-08-11T22:59:14 PST" duration-ms="10751">
      <class name="testCases.TC_001_AccountRegistrationTest">
        <test-method is-config="true" signature="setup(java.lang.String,java.lang.String)[pri:0, instance:testCases.TC_001_AccountRegistrationTest@70f59913]" started-at="2025-08-11T22:59:03 PST" name="setup" finished-at="2025-08-11T22:59:06 PST" duration-ms="3478" status="PASS">
          <params>
            <param index="0">
              <value>
                <![CDATA[firefox]]>
              </value>
            </param>
            <param index="1">
              <value>
                <![CDATA[linux]]>
              </value>
            </param>
          </params>
          <reporter-output>
          </reporter-output>
        </test-method> <!-- setup -->
        <test-method signature="testRegisterAccount()[pri:0, instance:testCases.TC_001_AccountRegistrationTest@70f59913]" started-at="2025-08-11T22:59:06 PST" name="testRegisterAccount" finished-at="2025-08-11T22:59:08 PST" duration-ms="1479" status="PASS">
          <reporter-output>
          </reporter-output>
        </test-method> <!-- testRegisterAccount -->
        <test-method is-config="true" signature="teardown()[pri:0, instance:testCases.TC_001_AccountRegistrationTest@70f59913]" started-at="2025-08-11T22:59:08 PST" name="teardown" finished-at="2025-08-11T22:59:09 PST" duration-ms="766" status="PASS">
          <reporter-output>
          </reporter-output>
        </test-method> <!-- teardown -->
      </class> <!-- testCases.TC_001_AccountRegistrationTest -->
      <class name="testCases.TC_002_LoginTest">
        <test-method is-config="true" signature="setup(java.lang.String,java.lang.String)[pri:0, instance:testCases.TC_002_LoginTest@77258e59]" started-at="2025-08-11T22:59:09 PST" name="setup" finished-at="2025-08-11T22:59:12 PST" duration-ms="3054" status="PASS">
          <params>
            <param index="0">
              <value>
                <![CDATA[firefox]]>
              </value>
            </param>
            <param index="1">
              <value>
                <![CDATA[linux]]>
              </value>
            </param>
          </params>
          <reporter-output>
          </reporter-output>
        </test-method> <!-- setup -->
        <test-method signature="verify_login()[pri:0, instance:testCases.TC_002_LoginTest@77258e59]" started-at="2025-08-11T22:59:12 PST" name="verify_login" finished-at="2025-08-11T22:59:13 PST" duration-ms="1278" status="PASS">
          <reporter-output>
          </reporter-output>
        </test-method> <!-- verify_login -->
        <test-method is-config="true" signature="teardown()[pri:0, instance:testCases.TC_002_LoginTest@77258e59]" started-at="2025-08-11T22:59:13 PST" name="teardown" finished-at="2025-08-11T22:59:14 PST" duration-ms="693" status="PASS">
          <reporter-output>
          </reporter-output>
        </test-method> <!-- teardown -->
      </class> <!-- testCases.TC_002_LoginTest -->
    </test> <!-- LinuxFirefoxTest -->
  </suite> <!-- Suite -->
</testng-results>
