<?xml version="1.0" encoding="UTF-8"?>
<!-- Generated by org.testng.reporters.JUnitReportReporter -->
<testsuite hostname="LAPTOP-17LNK6V4" failures="0" tests="3" name="testCases.TC_002_LoginTest" time="12.380" errors="0" timestamp="2025-08-22T13:40:35 PST" skipped="0">
  <testcase classname="testCases.TC_002_LoginTest" name="verify_login" time="5.154"/>
  <testcase classname="testCases.TC_002_LoginTest" name="verify_login" time="1.469"/>
  <testcase classname="testCases.TC_002_LoginTest" name="verify_login" time="5.757"/>
</testsuite> <!-- testCases.TC_002_LoginTest -->
