<?xml version="1.0" encoding="UTF-8"?>
<!-- Generated by org.testng.reporters.JUnitReportReporter -->
<testsuite hostname="LAPTOP-17LNK6V4" failures="0" tests="3" name="testCases.TC_005_AddToCartTest" time="11.944" errors="0" timestamp="2025-08-22T18:27:20 PST" skipped="0">
  <testcase classname="testCases.TC_005_AddToCartTest" name="testAddToCart" time="4.603"/>
  <testcase classname="testCases.TC_005_AddToCartTest" name="testAddToCart" time="2.806"/>
  <testcase classname="testCases.TC_005_AddToCartTest" name="testAddToCart" time="4.535"/>
</testsuite> <!-- testCases.TC_005_AddToCartTest -->
