<?xml version="1.0" encoding="UTF-8"?>
<!-- Generated by org.testng.reporters.JUnitReportReporter -->
<testsuite hostname="LAPTOP-17LNK6V4" failures="0" tests="1" name="testCases.TC_RF_001_AccountRegistrationTest" time="1.353" errors="0" timestamp="2025-09-02T20:35:44 PST" skipped="0">
  <testcase classname="testCases.TC_RF_001_AccountRegistrationTest" name="validate_Registering_an_Account_by_providing_only_the_Mandatory_fields" time="1.353"/>
</testsuite> <!-- testCases.TC_RF_001_AccountRegistrationTest -->
