<?xml version="1.0" encoding="UTF-8"?>
<!-- Generated by org.testng.reporters.JUnitReportReporter -->
<testsuite hostname="LAPTOP-17LNK6V4" failures="0" tests="3" name="testCases.TC_001_AccountRegistrationTest" time="16.325" errors="0" timestamp="2025-08-22T13:40:35 PST" skipped="0">
  <testcase classname="testCases.TC_001_AccountRegistrationTest" name="testRegisterAccount" time="3.349"/>
  <testcase classname="testCases.TC_001_AccountRegistrationTest" name="testRegisterAccount" time="10.150"/>
  <testcase classname="testCases.TC_001_AccountRegistrationTest" name="testRegisterAccount" time="2.826"/>
</testsuite> <!-- testCases.TC_001_AccountRegistrationTest -->
