<?xml version="1.0" encoding="UTF-8"?>
<!-- Generated by org.testng.reporters.JUnitReportReporter -->
<testsuite hostname="LAPTOP-17LNK6V4" failures="0" tests="3" name="testCases.TC_006_ProductCompareTest" time="8.066" errors="0" timestamp="2025-08-24T19:26:21 PST" skipped="0">
  <testcase classname="testCases.TC_006_ProductCompareTest" name="testCompareProduct" time="2.376"/>
  <testcase classname="testCases.TC_006_ProductCompareTest" name="testCompareProduct" time="2.690"/>
  <testcase classname="testCases.TC_006_ProductCompareTest" name="testCompareProduct" time="3.000"/>
</testsuite> <!-- testCases.TC_006_ProductCompareTest -->
