<?xml version="1.0" encoding="UTF-8"?>
<!-- Generated by org.testng.reporters.JUnitReportReporter -->
<testsuite hostname="LAPTOP-17LNK6V4" failures="0" tests="3" name="testCases.TC_006_ProductCompareTest" time="6.688" errors="0" timestamp="2025-08-22T13:40:35 PST" skipped="0">
  <testcase classname="testCases.TC_006_ProductCompareTest" name="testCompareProduct" time="2.357"/>
  <testcase classname="testCases.TC_006_ProductCompareTest" name="testCompareProduct" time="2.263"/>
  <testcase classname="testCases.TC_006_ProductCompareTest" name="testCompareProduct" time="2.068"/>
</testsuite> <!-- testCases.TC_006_ProductCompareTest -->
