<?xml version="1.0" encoding="UTF-8"?>
<!-- Generated by org.testng.reporters.JUnitReportReporter -->
<testsuite hostname="LAPTOP-17LNK6V4" failures="0" tests="15" name="testCases.TC_003_LoginDTT" time="18.986" errors="0" timestamp="2025-08-19T22:51:26 PST" skipped="0">
  <testcase classname="testCases.TC_003_LoginDTT" name="verifyLoginDTT" time="1.095"/>
  <testcase classname="testCases.TC_003_LoginDTT" name="verifyLoginDTT" time="1.438"/>
  <testcase classname="testCases.TC_003_LoginDTT" name="verifyLoginDTT" time="1.452"/>
  <testcase classname="testCases.TC_003_LoginDTT" name="verifyLoginDTT" time="0.881"/>
  <testcase classname="testCases.TC_003_LoginDTT" name="verifyLoginDTT" time="1.420"/>
  <testcase classname="testCases.TC_003_LoginDTT" name="verifyLoginDTT" time="0.839"/>
  <testcase classname="testCases.TC_003_LoginDTT" name="verifyLoginDTT" time="1.363"/>
  <testcase classname="testCases.TC_003_LoginDTT" name="verifyLoginDTT" time="0.995"/>
  <testcase classname="testCases.TC_003_LoginDTT" name="verifyLoginDTT" time="1.370"/>
  <testcase classname="testCases.TC_003_LoginDTT" name="verifyLoginDTT" time="1.521"/>
  <testcase classname="testCases.TC_003_LoginDTT" name="verifyLoginDTT" time="1.341"/>
  <testcase classname="testCases.TC_003_LoginDTT" name="verifyLoginDTT" time="1.427"/>
  <testcase classname="testCases.TC_003_LoginDTT" name="verifyLoginDTT" time="0.870"/>
  <testcase classname="testCases.TC_003_LoginDTT" name="verifyLoginDTT" time="1.543"/>
  <testcase classname="testCases.TC_003_LoginDTT" name="verifyLoginDTT" time="1.431"/>
</testsuite> <!-- testCases.TC_003_LoginDTT -->
