<?xml version="1.0" encoding="UTF-8"?>
<!-- Generated by org.testng.reporters.JUnitReportReporter -->
<testsuite hostname="LAPTOP-17LNK6V4" failures="0" tests="1" name="testCases.TC_RF_003_AccountRegistrationTest" time="1.340" errors="0" timestamp="2025-09-02T20:35:44 PST" skipped="0">
  <testcase classname="testCases.TC_RF_003_AccountRegistrationTest" name="Validate_registering_an_account_by_providing_all_the_fields" time="1.340"/>
</testsuite> <!-- testCases.TC_RF_003_AccountRegistrationTest -->
