<?xml version="1.0" encoding="UTF-8"?>
<!-- Generated by org.testng.reporters.JUnitReportReporter -->
<testsuite hostname="LAPTOP-17LNK6V4" failures="0" tests="3" name="testCases.TC_004_SearchTest" time="8.058" errors="0" timestamp="2025-08-22T18:27:20 PST" skipped="0">
  <testcase classname="testCases.TC_004_SearchTest" name="testSearchProduct" time="2.984"/>
  <testcase classname="testCases.TC_004_SearchTest" name="testSearchProduct" time="2.838"/>
  <testcase classname="testCases.TC_004_SearchTest" name="testSearchProduct" time="2.236"/>
</testsuite> <!-- testCases.TC_004_SearchTest -->
