<?xml version="1.0" encoding="UTF-8"?>
<!-- Generated by org.testng.reporters.JUnitReportReporter -->
<testsuite hostname="LAPTOP-17LNK6V4" failures="0" tests="3" name="testCases.TC_002_LoginTest" time="5.646" errors="0" timestamp="2025-08-22T18:27:20 PST" skipped="0">
  <testcase classname="testCases.TC_002_LoginTest" name="verify_login" time="1.867"/>
  <testcase classname="testCases.TC_002_LoginTest" name="verify_login" time="1.989"/>
  <testcase classname="testCases.TC_002_LoginTest" name="verify_login" time="1.790"/>
</testsuite> <!-- testCases.TC_002_LoginTest -->
