<?xml version="1.0" encoding="UTF-8"?>
<!-- Generated by org.testng.reporters.JUnitReportReporter -->
<testsuite hostname="LAPTOP-17LNK6V4" failures="0" tests="3" name="testCases.TC_005_AddToCartTest" time="18.689" errors="0" timestamp="2025-08-22T13:40:35 PST" skipped="0">
  <testcase classname="testCases.TC_005_AddToCartTest" name="testAddToCart" time="2.703"/>
  <testcase classname="testCases.TC_005_AddToCartTest" name="testAddToCart" time="2.180"/>
  <testcase classname="testCases.TC_005_AddToCartTest" name="testAddToCart" time="13.806"/>
</testsuite> <!-- testCases.TC_005_AddToCartTest -->
