<?xml version="1.0" encoding="UTF-8"?>
<!-- Generated by org.testng.reporters.JUnitReportReporter -->
<testsuite hostname="LAPTOP-17LNK6V4" failures="0" tests="3" name="testCases.TC_004_SearchTest" time="5.242" errors="0" timestamp="2025-08-22T13:40:35 PST" skipped="0">
  <testcase classname="testCases.TC_004_SearchTest" name="testSearchProduct" time="1.469"/>
  <testcase classname="testCases.TC_004_SearchTest" name="testSearchProduct" time="1.960"/>
  <testcase classname="testCases.TC_004_SearchTest" name="testSearchProduct" time="1.813"/>
</testsuite> <!-- testCases.TC_004_SearchTest -->
