<?xml version="1.0" encoding="UTF-8"?>
<!-- Generated by org.testng.reporters.JUnitReportReporter -->
<testsuite hostname="LAPTOP-17LNK6V4" failures="0" tests="2" name="testCases.TC_001_AccountRegistrationTest" time="7.499" errors="0" timestamp="2025-08-27T21:29:42 PST" skipped="0">
  <testcase classname="testCases.TC_001_AccountRegistrationTest" name="validate_Registering_an_Account_by_providing_only_the_Mandatory_fields" time="3.723"/>
  <testcase classname="testCases.TC_001_AccountRegistrationTest" name="validate_Registering_an_Account_by_providing_all_the_fields" time="3.776"/>
</testsuite> <!-- testCases.TC_001_AccountRegistrationTest -->
