<?xml version="1.0" encoding="UTF-8"?>
<!-- Generated by org.testng.reporters.JUnitXMLReporter -->
<testsuite ignored="2" hostname="LAPTOP-17LNK6V4" failures="0" tests="14" name="ChromeTest" time="20.76" errors="0" timestamp="2025-08-08T21:18:58 PST">
  <testcase classname="testCases.TC_003_LoginDTT" name="verifyLoginDTT" time="1.289"/>
  <testcase classname="testCases.TC_003_LoginDTT" name="verifyLoginDTT" time="1.754"/>
  <testcase classname="testCases.TC_003_LoginDTT" name="verifyLoginDTT" time="1.81"/>
  <testcase classname="testCases.TC_003_LoginDTT" name="verifyLoginDTT" time="1.25"/>
  <testcase classname="testCases.TC_003_LoginDTT" name="verifyLoginDTT" time="1.836"/>
  <testcase classname="testCases.TC_003_LoginDTT" name="verifyLoginDTT" time="1.35"/>
  <testcase classname="testCases.TC_003_LoginDTT" name="verifyLoginDTT" time="1.401"/>
  <testcase classname="testCases.TC_003_LoginDTT" name="verifyLoginDTT" time="1.389"/>
  <testcase classname="testCases.TC_003_LoginDTT" name="verifyLoginDTT" time="1.324"/>
  <testcase classname="testCases.TC_003_LoginDTT" name="verifyLoginDTT" time="0.939"/>
  <testcase classname="testCases.TC_003_LoginDTT" name="verifyLoginDTT" time="1.403"/>
  <testcase classname="testCases.TC_003_LoginDTT" name="verifyLoginDTT" time="0.859"/>
  <testcase classname="testCases.TC_003_LoginDTT" name="verifyLoginDTT" time="0.851"/>
  <testcase classname="testCases.TC_003_LoginDTT" name="verifyLoginDTT" time="0.828"/>
  <testcase classname="testCases.TC_002_LoginTest" name="verify_login" time="0.0">
    <ignored/>
  </testcase> <!-- verify_login -->
  <testcase classname="testCases.TC_001_AccountRegistrationTest" name="testRegisterAccount" time="0.0">
    <ignored/>
  </testcase> <!-- testRegisterAccount -->
</testsuite> <!-- ChromeTest -->
